<?xml version="1.0" encoding="UTF-8"?>
<!-- Generated by org.testng.reporters.JUnitXMLReporter -->
<testsuite ignored="3" hostname="DESKTOP-A5LBHQJ" failures="0" tests="1" name="Check login with valid username and Invalid password" time="3.163" errors="0" timestamp="2023-09-09T10:44:31 EET">
  <testcase classname="testcases.TC01_LoginPage" name="loginWithValidEmailAndInvalidPassword_N" time="0.618"/>
  <testcase classname="testcases.TC01_LoginPage" name="loginWithInvalidEmailAndInvalidPassword_N" time="0.0">
    <ignored/>
  </testcase> <!-- loginWithInvalidEmailAndInvalidPassword_N -->
  <testcase classname="testcases.TC01_LoginPage" name="loginWithInvalidEmailAndValidPassword_N" time="0.0">
    <ignored/>
  </testcase> <!-- loginWithInvalidEmailAndValidPassword_N -->
  <testcase classname="testcases.TC01_LoginPage" name="loginWithValidEmailAndValidPassword_P" time="0.0">
    <ignored/>
  </testcase> <!-- loginWithValidEmailAndValidPassword_P -->
</testsuite> <!-- Check login with valid username and Invalid password -->
