<?xml version="1.0" encoding="UTF-8"?>
<!-- Generated by org.testng.reporters.JUnitXMLReporter -->
<testsuite ignored="1" hostname="DESKTOP-A5LBHQJ" failures="0" tests="1" name="Confirmation Order when add random items" time="5.345" errors="0" timestamp="2023-09-29T16:39:28 EEST">
  <testcase classname="testcases.TC02_AddAllProductsToCart" name="Add_Products_To_Shopping_Cart" time="3.088"/>
  <testcase classname="testcases.TC02_AddAllProductsToCart" name="Add_Random_Products_To_Shopping_Cart" time="0.0">
    <ignored/>
  </testcase> <!-- Add_Random_Products_To_Shopping_Cart -->
</testsuite> <!-- Confirmation Order when add random items -->
