<?xml version="1.0" encoding="UTF-8"?>
<!-- Generated by org.testng.reporters.JUnitXMLReporter -->
<testsuite ignored="1" hostname="DESKTOP-7C9JJOS" failures="0" tests="3" name="Login Test - Edge" time="4.365" errors="0" timestamp="2023-10-09T17:43:47 EEST">
  <testcase classname="testcases.TC01_LoginPage" name="loginWithValidEmailAndInvalidPassword_N" time="0.433"/>
  <testcase classname="testcases.TC01_LoginPage" name="loginWithInvalidEmailAndValidPassword_N" time="0.319"/>
  <testcase classname="testcases.TC01_LoginPage" name="loginWithInvalidEmailAndInvalidPassword_N" time="0.296"/>
  <testcase classname="testcases.TC01_LoginPage" name="loginWithValidEmailAndValidPassword_P" time="0.0">
    <ignored/>
  </testcase> <!-- loginWithValidEmailAndValidPassword_P -->
</testsuite> <!-- Login Test - Edge -->
