<?xml version="1.0" encoding="UTF-8"?>
<testng-results ignored="24" total="34" passed="9" failed="1" skipped="0">
  <reporter-output>
  </reporter-output>
  <suite started-at="2023-10-09T23:53:01 EEST" name="Nop commerce" finished-at="2023-10-09T23:53:01 EEST" duration-ms="0">
    <groups>
    </groups>
  </suite> <!-- Nop commerce -->
  <suite started-at="2023-10-09T23:52:51 EEST" name="SwagLaps (2)" finished-at="2023-10-09T23:53:00 EEST" duration-ms="8997">
    <groups>
    </groups>
    <test started-at="2023-10-09T23:52:51 EEST" name="Check login with valid username and Invalid password" finished-at="2023-10-09T23:52:54 EEST" duration-ms="2804">
      <class name="testcases.TC01_LoginPage">
        <test-method is-config="true" signature="setupChromeDriver(java.lang.String)[pri:0, instance:testcases.TC01_LoginPage@7b9c2387]" started-at="2023-10-09T23:52:51 EEST" name="setupChromeDriver" finished-at="2023-10-09T23:52:53 EEST" duration-ms="1992" status="PASS">
          <params>
            <param index="0">
              <value>
                <![CDATA[edge]]>
              </value>
            </param>
          </params>
          <reporter-output>
          </reporter-output>
        </test-method> <!-- setupChromeDriver -->
        <test-method signature="loginWithValidEmailAndInvalidPassword_N()[pri:2, instance:testcases.TC01_LoginPage@7b9c2387]" started-at="2023-10-09T23:52:53 EEST" name="loginWithValidEmailAndInvalidPassword_N" description="Check login with valid username and Invalid password" finished-at="2023-10-09T23:52:54 EEST" duration-ms="502" status="PASS">
          <reporter-output>
          </reporter-output>
        </test-method> <!-- loginWithValidEmailAndInvalidPassword_N -->
        <test-method is-config="true" signature="quite()[pri:0, instance:testcases.TC01_LoginPage@7b9c2387]" started-at="2023-10-09T23:52:54 EEST" name="quite" finished-at="2023-10-09T23:52:54 EEST" duration-ms="305" status="PASS">
          <reporter-output>
          </reporter-output>
        </test-method> <!-- quite -->
      </class> <!-- testcases.TC01_LoginPage -->
    </test> <!-- Check login with valid username and Invalid password -->
    <test started-at="2023-10-09T23:52:54 EEST" name="Check login with invalid username and valid password" finished-at="2023-10-09T23:52:57 EEST" duration-ms="2990">
      <class name="testcases.TC01_LoginPage">
        <test-method is-config="true" signature="setupChromeDriver(java.lang.String)[pri:0, instance:testcases.TC01_LoginPage@2fea9a7b]" started-at="2023-10-09T23:52:54 EEST" name="setupChromeDriver" finished-at="2023-10-09T23:52:56 EEST" duration-ms="2133" status="PASS">
          <params>
            <param index="0">
              <value>
                <![CDATA[edge]]>
              </value>
            </param>
          </params>
          <reporter-output>
          </reporter-output>
        </test-method> <!-- setupChromeDriver -->
        <test-method signature="loginWithInvalidEmailAndValidPassword_N()[pri:3, instance:testcases.TC01_LoginPage@2fea9a7b]" started-at="2023-10-09T23:52:56 EEST" name="loginWithInvalidEmailAndValidPassword_N" description="Check login with invalid username and valid password" finished-at="2023-10-09T23:52:57 EEST" duration-ms="541" status="PASS">
          <reporter-output>
          </reporter-output>
        </test-method> <!-- loginWithInvalidEmailAndValidPassword_N -->
        <test-method is-config="true" signature="quite()[pri:0, instance:testcases.TC01_LoginPage@2fea9a7b]" started-at="2023-10-09T23:52:57 EEST" name="quite" finished-at="2023-10-09T23:52:57 EEST" duration-ms="312" status="PASS">
          <reporter-output>
          </reporter-output>
        </test-method> <!-- quite -->
      </class> <!-- testcases.TC01_LoginPage -->
    </test> <!-- Check login with invalid username and valid password -->
    <test started-at="2023-10-09T23:52:57 EEST" name="Check login with invalid username and invalid password" finished-at="2023-10-09T23:53:00 EEST" duration-ms="3186">
      <class name="testcases.TC01_LoginPage">
        <test-method is-config="true" signature="setupChromeDriver(java.lang.String)[pri:0, instance:testcases.TC01_LoginPage@27fc0217]" started-at="2023-10-09T23:52:57 EEST" name="setupChromeDriver" finished-at="2023-10-09T23:53:00 EEST" duration-ms="2360" status="PASS">
          <params>
            <param index="0">
              <value>
                <![CDATA[edge]]>
              </value>
            </param>
          </params>
          <reporter-output>
          </reporter-output>
        </test-method> <!-- setupChromeDriver -->
        <test-method signature="loginWithInvalidEmailAndInvalidPassword_N()[pri:4, instance:testcases.TC01_LoginPage@27fc0217]" started-at="2023-10-09T23:53:00 EEST" name="loginWithInvalidEmailAndInvalidPassword_N" description="Check login with invalid username and invalid password" finished-at="2023-10-09T23:53:00 EEST" duration-ms="542" status="PASS">
          <reporter-output>
          </reporter-output>
        </test-method> <!-- loginWithInvalidEmailAndInvalidPassword_N -->
        <test-method is-config="true" signature="quite()[pri:0, instance:testcases.TC01_LoginPage@27fc0217]" started-at="2023-10-09T23:53:00 EEST" name="quite" finished-at="2023-10-09T23:53:00 EEST" duration-ms="279" status="PASS">
          <reporter-output>
          </reporter-output>
        </test-method> <!-- quite -->
      </class> <!-- testcases.TC01_LoginPage -->
    </test> <!-- Check login with invalid username and invalid password -->
  </suite> <!-- SwagLaps (2) -->
  <suite started-at="2023-10-09T23:52:16 EEST" name="SwagLaps" finished-at="2023-10-09T23:52:28 EEST" duration-ms="12073">
    <groups>
    </groups>
    <test started-at="2023-10-09T23:52:16 EEST" name="Check login with valid username and password" finished-at="2023-10-09T23:52:21 EEST" duration-ms="5550">
      <class name="testcases.TC01_LoginPage">
        <test-method is-config="true" signature="setupChromeDriver(java.lang.String)[pri:0, instance:testcases.TC01_LoginPage@56b8aaf1]" started-at="2023-10-09T23:52:16 EEST" name="setupChromeDriver" finished-at="2023-10-09T23:52:19 EEST" duration-ms="3149" status="PASS">
          <params>
            <param index="0">
              <value>
                <![CDATA[]]>
              </value>
            </param>
          </params>
          <reporter-output>
          </reporter-output>
        </test-method> <!-- setupChromeDriver -->
        <test-method signature="loginWithValidEmailAndValidPassword_P()[pri:1, instance:testcases.TC01_LoginPage@56b8aaf1]" started-at="2023-10-09T23:52:19 EEST" name="loginWithValidEmailAndValidPassword_P" description="Check login with valid username and password" finished-at="2023-10-09T23:52:21 EEST" duration-ms="1967" status="PASS">
          <reporter-output>
          </reporter-output>
        </test-method> <!-- loginWithValidEmailAndValidPassword_P -->
        <test-method is-config="true" signature="quite()[pri:0, instance:testcases.TC01_LoginPage@56b8aaf1]" started-at="2023-10-09T23:52:21 EEST" name="quite" finished-at="2023-10-09T23:52:21 EEST" duration-ms="228" status="PASS">
          <reporter-output>
          </reporter-output>
        </test-method> <!-- quite -->
      </class> <!-- testcases.TC01_LoginPage -->
    </test> <!-- Check login with valid username and password -->
    <test started-at="2023-10-09T23:52:21 EEST" name="Confirmation Order" finished-at="2023-10-09T23:52:28 EEST" duration-ms="6489">
      <class name="testcases.TC06_ConfirmOrder">
        <test-method is-config="true" signature="setupChromeDriver(java.lang.String)[pri:0, instance:testcases.TC06_ConfirmOrder@14b26e90]" started-at="2023-10-09T23:52:21 EEST" name="setupChromeDriver" finished-at="2023-10-09T23:52:23 EEST" duration-ms="1514" status="PASS">
          <params>
            <param index="0">
              <value>
                <![CDATA[]]>
              </value>
            </param>
          </params>
          <reporter-output>
          </reporter-output>
        </test-method> <!-- setupChromeDriver -->
        <test-method signature="Confirm_Order()[pri:0, instance:testcases.TC06_ConfirmOrder@14b26e90]" started-at="2023-10-09T23:52:23 EEST" name="Confirm_Order" finished-at="2023-10-09T23:52:27 EEST" duration-ms="3812" status="PASS">
          <reporter-output>
          </reporter-output>
        </test-method> <!-- Confirm_Order -->
        <test-method is-config="true" signature="quite()[pri:0, instance:testcases.TC06_ConfirmOrder@14b26e90]" started-at="2023-10-09T23:52:27 EEST" name="quite" finished-at="2023-10-09T23:52:28 EEST" duration-ms="1160" status="PASS">
          <reporter-output>
          </reporter-output>
        </test-method> <!-- quite -->
      </class> <!-- testcases.TC06_ConfirmOrder -->
    </test> <!-- Confirmation Order -->
  </suite> <!-- SwagLaps -->
  <suite started-at="2023-10-09T23:52:35 EEST" name="SwagLaps (1)" finished-at="2023-10-09T23:52:51 EEST" duration-ms="15932">
    <groups>
    </groups>
    <test started-at="2023-10-09T23:52:35 EEST" name="Check login with valid username and password" finished-at="2023-10-09T23:52:38 EEST" duration-ms="2890">
      <class name="testcases.TC01_LoginPage">
        <test-method is-config="true" signature="setupChromeDriver(java.lang.String)[pri:0, instance:testcases.TC01_LoginPage@23708f14]" started-at="2023-10-09T23:52:35 EEST" name="setupChromeDriver" finished-at="2023-10-09T23:52:37 EEST" duration-ms="2050" status="PASS">
          <params>
            <param index="0">
              <value>
                <![CDATA[edge]]>
              </value>
            </param>
          </params>
          <reporter-output>
          </reporter-output>
        </test-method> <!-- setupChromeDriver -->
        <test-method signature="loginWithValidEmailAndValidPassword_P()[pri:1, instance:testcases.TC01_LoginPage@23708f14]" started-at="2023-10-09T23:52:37 EEST" name="loginWithValidEmailAndValidPassword_P" description="Check login with valid username and password" finished-at="2023-10-09T23:52:38 EEST" duration-ms="513" status="PASS">
          <reporter-output>
          </reporter-output>
        </test-method> <!-- loginWithValidEmailAndValidPassword_P -->
        <test-method is-config="true" signature="quite()[pri:0, instance:testcases.TC01_LoginPage@23708f14]" started-at="2023-10-09T23:52:38 EEST" name="quite" finished-at="2023-10-09T23:52:38 EEST" duration-ms="322" status="PASS">
          <reporter-output>
          </reporter-output>
        </test-method> <!-- quite -->
      </class> <!-- testcases.TC01_LoginPage -->
    </test> <!-- Check login with valid username and password -->
    <test started-at="2023-10-09T23:52:38 EEST" name="Confirmation Order" finished-at="2023-10-09T23:52:51 EEST" duration-ms="13035">
      <class name="testcases.TC06_ConfirmOrder">
        <test-method is-config="true" signature="setupChromeDriver(java.lang.String)[pri:0, instance:testcases.TC06_ConfirmOrder@2cce10bc]" started-at="2023-10-09T23:52:38 EEST" name="setupChromeDriver" finished-at="2023-10-09T23:52:41 EEST" duration-ms="2204" status="PASS">
          <params>
            <param index="0">
              <value>
                <![CDATA[edge]]>
              </value>
            </param>
          </params>
          <reporter-output>
          </reporter-output>
        </test-method> <!-- setupChromeDriver -->
        <test-method signature="Confirm_Order()[pri:0, instance:testcases.TC06_ConfirmOrder@2cce10bc]" started-at="2023-10-09T23:52:41 EEST" name="Confirm_Order" finished-at="2023-10-09T23:52:51 EEST" duration-ms="10449" status="FAIL">
          <exception class="org.openqa.selenium.NoSuchElementException">
            <message>
              <![CDATA[no such element: Unable to locate element: {"method":"xpath","selector":"(//button)[3]"}
  (Session info: MicrosoftEdge=117.0.2045.60)
For documentation on this error, please visit: https://www.seleniumhq.org/exceptions/no_such_element.html
Build info: version: '3.141.59', revision: 'e82be7d358', time: '2018-11-14T08:17:03'
System info: host: 'DESKTOP-7C9JJOS', ip: '192.168.1.7', os.name: 'Windows 10', os.arch: 'amd64', os.version: '10.0', java.version: '17.0.8'
Driver info: org.openqa.selenium.edge.EdgeDriver
Capabilities {acceptInsecureCerts: false, browserName: msedge, browserVersion: 117.0.2045.60, fedcm:accounts: true, javascriptEnabled: true, ms:edgeOptions: {debuggerAddress: localhost:52217}, msedge: {msedgedriverVersion: 117.0.2045.60 (a31cef5dc4c1..., userDataDir: C:\Users\AHMEDR~1\AppData\L...}, networkConnectionEnabled: false, pageLoadStrategy: normal, platform: WINDOWS, platformName: WINDOWS, proxy: Proxy(), setWindowRect: true, strictFileInteractability: false, timeouts: {implicit: 0, pageLoad: 300000, script: 30000}, unhandledPromptBehavior: dismiss and notify, webauthn:extension:credBlob: true, webauthn:extension:largeBlob: true, webauthn:extension:minPinLength: true, webauthn:extension:prf: true, webauthn:virtualAuthenticators: true}
Session ID: 2134aa6c67f0cecafb8ead9e5adf6490
*** Element info: {Using=xpath, value=(//button)[3]}]]>
            </message>
            <full-stacktrace>
              <![CDATA[org.openqa.selenium.NoSuchElementException: no such element: Unable to locate element: {"method":"xpath","selector":"(//button)[3]"}
  (Session info: MicrosoftEdge=117.0.2045.60)
For documentation on this error, please visit: https://www.seleniumhq.org/exceptions/no_such_element.html
Build info: version: '3.141.59', revision: 'e82be7d358', time: '2018-11-14T08:17:03'
System info: host: 'DESKTOP-7C9JJOS', ip: '192.168.1.7', os.name: 'Windows 10', os.arch: 'amd64', os.version: '10.0', java.version: '17.0.8'
Driver info: org.openqa.selenium.edge.EdgeDriver
Capabilities {acceptInsecureCerts: false, browserName: msedge, browserVersion: 117.0.2045.60, fedcm:accounts: true, javascriptEnabled: true, ms:edgeOptions: {debuggerAddress: localhost:52217}, msedge: {msedgedriverVersion: 117.0.2045.60 (a31cef5dc4c1..., userDataDir: C:\Users\AHMEDR~1\AppData\L...}, networkConnectionEnabled: false, pageLoadStrategy: normal, platform: WINDOWS, platformName: WINDOWS, proxy: Proxy(), setWindowRect: true, strictFileInteractability: false, timeouts: {implicit: 0, pageLoad: 300000, script: 30000}, unhandledPromptBehavior: dismiss and notify, webauthn:extension:credBlob: true, webauthn:extension:largeBlob: true, webauthn:extension:minPinLength: true, webauthn:extension:prf: true, webauthn:virtualAuthenticators: true}
Session ID: 2134aa6c67f0cecafb8ead9e5adf6490
*** Element info: {Using=xpath, value=(//button)[3]}
at java.base/jdk.internal.reflect.NativeConstructorAccessorImpl.newInstance0(Native Method)
at java.base/jdk.internal.reflect.NativeConstructorAccessorImpl.newInstance(NativeConstructorAccessorImpl.java:77)
at java.base/jdk.internal.reflect.DelegatingConstructorAccessorImpl.newInstance(DelegatingConstructorAccessorImpl.java:45)
at java.base/java.lang.reflect.Constructor.newInstanceWithCaller(Constructor.java:499)
at java.base/java.lang.reflect.Constructor.newInstance(Constructor.java:480)
at org.openqa.selenium.remote.http.W3CHttpResponseCodec.createException(W3CHttpResponseCodec.java:187)
at org.openqa.selenium.remote.http.W3CHttpResponseCodec.decode(W3CHttpResponseCodec.java:122)
at org.openqa.selenium.remote.http.W3CHttpResponseCodec.decode(W3CHttpResponseCodec.java:49)
at org.openqa.selenium.remote.HttpCommandExecutor.execute(HttpCommandExecutor.java:158)
at org.openqa.selenium.remote.service.DriverCommandExecutor.execute(DriverCommandExecutor.java:83)
at org.openqa.selenium.remote.RemoteWebDriver.execute(RemoteWebDriver.java:552)
at org.openqa.selenium.remote.RemoteWebDriver.findElement(RemoteWebDriver.java:323)
at org.openqa.selenium.remote.RemoteWebDriver.findElementByXPath(RemoteWebDriver.java:428)
at org.openqa.selenium.By$ByXPath.findElement(By.java:353)
at org.openqa.selenium.remote.RemoteWebDriver.findElement(RemoteWebDriver.java:315)
at pages.P02_AddAllProductsToCart.addProductToCart(P02_AddAllProductsToCart.java:31)
at testcases.TC06_ConfirmOrder.Confirm_Order(TC06_ConfirmOrder.java:23)
at java.base/jdk.internal.reflect.NativeMethodAccessorImpl.invoke0(Native Method)
at java.base/jdk.internal.reflect.NativeMethodAccessorImpl.invoke(NativeMethodAccessorImpl.java:77)
at java.base/jdk.internal.reflect.DelegatingMethodAccessorImpl.invoke(DelegatingMethodAccessorImpl.java:43)
at java.base/java.lang.reflect.Method.invoke(Method.java:568)
at org.testng.internal.invokers.MethodInvocationHelper.invokeMethod(MethodInvocationHelper.java:135)
at org.testng.internal.invokers.TestInvoker.invokeMethod(TestInvoker.java:673)
at org.testng.internal.invokers.TestInvoker.invokeTestMethod(TestInvoker.java:220)
at org.testng.internal.invokers.MethodRunner.runInSequence(MethodRunner.java:50)
at org.testng.internal.invokers.TestInvoker$MethodInvocationAgent.invoke(TestInvoker.java:945)
at org.testng.internal.invokers.TestInvoker.invokeTestMethods(TestInvoker.java:193)
at org.testng.internal.invokers.TestMethodWorker.invokeTestMethods(TestMethodWorker.java:146)
at org.testng.internal.invokers.TestMethodWorker.run(TestMethodWorker.java:128)
at java.base/java.util.ArrayList.forEach(ArrayList.java:1511)
at org.testng.TestRunner.privateRun(TestRunner.java:808)
at org.testng.TestRunner.run(TestRunner.java:603)
at org.testng.SuiteRunner.runTest(SuiteRunner.java:429)
at org.testng.SuiteRunner.runSequentially(SuiteRunner.java:423)
at org.testng.SuiteRunner.privateRun(SuiteRunner.java:383)
at org.testng.SuiteRunner.run(SuiteRunner.java:326)
at org.testng.SuiteRunnerWorker.runSuite(SuiteRunnerWorker.java:52)
at org.testng.SuiteRunnerWorker.run(SuiteRunnerWorker.java:95)
at org.testng.TestNG.runSuitesSequentially(TestNG.java:1249)
at org.testng.TestNG.runSuitesSequentially(TestNG.java:1244)
at org.testng.TestNG.runSuitesLocally(TestNG.java:1169)
at org.testng.TestNG.runSuites(TestNG.java:1092)
at org.testng.TestNG.run(TestNG.java:1060)
at com.intellij.rt.testng.IDEARemoteTestNG.run(IDEARemoteTestNG.java:66)
at com.intellij.rt.testng.RemoteTestNGStarter.main(RemoteTestNGStarter.java:105)
]]>
            </full-stacktrace>
          </exception> <!-- org.openqa.selenium.NoSuchElementException -->
          <reporter-output>
          </reporter-output>
        </test-method> <!-- Confirm_Order -->
        <test-method is-config="true" signature="quite()[pri:0, instance:testcases.TC06_ConfirmOrder@2cce10bc]" started-at="2023-10-09T23:52:51 EEST" name="quite" finished-at="2023-10-09T23:52:51 EEST" duration-ms="359" status="PASS">
          <reporter-output>
          </reporter-output>
        </test-method> <!-- quite -->
      </class> <!-- testcases.TC06_ConfirmOrder -->
    </test> <!-- Confirmation Order -->
  </suite> <!-- SwagLaps (1) -->
  <suite started-at="2023-10-09T23:52:28 EEST" name="SwagLaps (0)" finished-at="2023-10-09T23:52:35 EEST" duration-ms="7565">
    <groups>
    </groups>
    <test started-at="2023-10-09T23:52:28 EEST" name="Check login with valid username and Invalid password" finished-at="2023-10-09T23:52:30 EEST" duration-ms="2018">
      <class name="testcases.TC01_LoginPage">
        <test-method is-config="true" signature="setupChromeDriver(java.lang.String)[pri:0, instance:testcases.TC01_LoginPage@2c154508]" started-at="2023-10-09T23:52:28 EEST" name="setupChromeDriver" finished-at="2023-10-09T23:52:29 EEST" duration-ms="1401" status="PASS">
          <params>
            <param index="0">
              <value>
                <![CDATA[]]>
              </value>
            </param>
          </params>
          <reporter-output>
          </reporter-output>
        </test-method> <!-- setupChromeDriver -->
        <test-method signature="loginWithValidEmailAndInvalidPassword_N()[pri:2, instance:testcases.TC01_LoginPage@2c154508]" started-at="2023-10-09T23:52:29 EEST" name="loginWithValidEmailAndInvalidPassword_N" description="Check login with valid username and Invalid password" finished-at="2023-10-09T23:52:30 EEST" duration-ms="441" status="PASS">
          <reporter-output>
          </reporter-output>
        </test-method> <!-- loginWithValidEmailAndInvalidPassword_N -->
        <test-method is-config="true" signature="quite()[pri:0, instance:testcases.TC01_LoginPage@2c154508]" started-at="2023-10-09T23:52:30 EEST" name="quite" finished-at="2023-10-09T23:52:30 EEST" duration-ms="173" status="PASS">
          <reporter-output>
          </reporter-output>
        </test-method> <!-- quite -->
      </class> <!-- testcases.TC01_LoginPage -->
    </test> <!-- Check login with valid username and Invalid password -->
    <test started-at="2023-10-09T23:52:30 EEST" name="Check login with invalid username and valid password" finished-at="2023-10-09T23:52:32 EEST" duration-ms="2225">
      <class name="testcases.TC01_LoginPage">
        <test-method is-config="true" signature="setupChromeDriver(java.lang.String)[pri:0, instance:testcases.TC01_LoginPage@103e7c7c]" started-at="2023-10-09T23:52:30 EEST" name="setupChromeDriver" finished-at="2023-10-09T23:52:31 EEST" duration-ms="1597" status="PASS">
          <params>
            <param index="0">
              <value>
                <![CDATA[]]>
              </value>
            </param>
          </params>
          <reporter-output>
          </reporter-output>
        </test-method> <!-- setupChromeDriver -->
        <test-method signature="loginWithInvalidEmailAndValidPassword_N()[pri:3, instance:testcases.TC01_LoginPage@103e7c7c]" started-at="2023-10-09T23:52:31 EEST" name="loginWithInvalidEmailAndValidPassword_N" description="Check login with invalid username and valid password" finished-at="2023-10-09T23:52:32 EEST" duration-ms="429" status="PASS">
          <reporter-output>
          </reporter-output>
        </test-method> <!-- loginWithInvalidEmailAndValidPassword_N -->
        <test-method is-config="true" signature="quite()[pri:0, instance:testcases.TC01_LoginPage@103e7c7c]" started-at="2023-10-09T23:52:32 EEST" name="quite" finished-at="2023-10-09T23:52:32 EEST" duration-ms="195" status="PASS">
          <reporter-output>
          </reporter-output>
        </test-method> <!-- quite -->
      </class> <!-- testcases.TC01_LoginPage -->
    </test> <!-- Check login with invalid username and valid password -->
    <test started-at="2023-10-09T23:52:32 EEST" name="Check login with invalid username and invalid password" finished-at="2023-10-09T23:52:35 EEST" duration-ms="3309">
      <class name="testcases.TC01_LoginPage">
        <test-method is-config="true" signature="setupChromeDriver(java.lang.String)[pri:0, instance:testcases.TC01_LoginPage@57839834]" started-at="2023-10-09T23:52:32 EEST" name="setupChromeDriver" finished-at="2023-10-09T23:52:34 EEST" duration-ms="1608" status="PASS">
          <params>
            <param index="0">
              <value>
                <![CDATA[]]>
              </value>
            </param>
          </params>
          <reporter-output>
          </reporter-output>
        </test-method> <!-- setupChromeDriver -->
        <test-method signature="loginWithInvalidEmailAndInvalidPassword_N()[pri:4, instance:testcases.TC01_LoginPage@57839834]" started-at="2023-10-09T23:52:34 EEST" name="loginWithInvalidEmailAndInvalidPassword_N" description="Check login with invalid username and invalid password" finished-at="2023-10-09T23:52:34 EEST" duration-ms="531" status="PASS">
          <reporter-output>
          </reporter-output>
        </test-method> <!-- loginWithInvalidEmailAndInvalidPassword_N -->
        <test-method is-config="true" signature="quite()[pri:0, instance:testcases.TC01_LoginPage@57839834]" started-at="2023-10-09T23:52:34 EEST" name="quite" finished-at="2023-10-09T23:52:35 EEST" duration-ms="1166" status="PASS">
          <reporter-output>
          </reporter-output>
        </test-method> <!-- quite -->
      </class> <!-- testcases.TC01_LoginPage -->
    </test> <!-- Check login with invalid username and invalid password -->
  </suite> <!-- SwagLaps (0) -->
</testng-results>
