<?xml version="1.0" encoding="UTF-8"?>
<!-- Generated by org.testng.reporters.JUnitXMLReporter -->
<testsuite ignored="3" hostname="DESKTOP-7C9JJOS" failures="0" tests="1" name="Check login with valid username and password" time="2.89" errors="0" timestamp="2023-10-09T23:52:38 EEST">
  <testcase classname="testcases.TC01_LoginPage" name="loginWithValidEmailAndValidPassword_P" time="0.513"/>
  <testcase classname="testcases.TC01_LoginPage" name="loginWithInvalidEmailAndValidPassword_N" time="0.0">
    <ignored/>
  </testcase> <!-- loginWithInvalidEmailAndValidPassword_N -->
  <testcase classname="testcases.TC01_LoginPage" name="loginWithValidEmailAndInvalidPassword_N" time="0.0">
    <ignored/>
  </testcase> <!-- loginWithValidEmailAndInvalidPassword_N -->
  <testcase classname="testcases.TC01_LoginPage" name="loginWithInvalidEmailAndInvalidPassword_N" time="0.0">
    <ignored/>
  </testcase> <!-- loginWithInvalidEmailAndInvalidPassword_N -->
</testsuite> <!-- Check login with valid username and password -->
